<?xml version="1.0" encoding="UTF-8"?>
<testsuite xmlns:xsi="http://www.w3.org/2001/XMLSchema-instance" xsi:noNamespaceSchemaLocation="https://maven.apache.org/surefire/maven-surefire-plugin/xsd/surefire-test-report.xsd" name="TestSuite" time="56.891" tests="5" errors="0" skipped="0" failures="0">
  <properties>
[...]
</properties>
  <testcase name="validateAppointments" classname="TestClass.BookedAppointmentTest" time="8.876"/>
  <testcase name="executeLogin" classname="TestClass.LoginTest" time="5.781"/>
  <testcase name="logOut" classname="TestClass.LogOutTest" time="6.483"/>
  <testcase name="createAppointment" classname="TestClass.NewAppointmentTest" time="8.138"/>
  <testcase name="createAppointment" classname="TestClass.NewAppointmentTest" time="8.234"/>
</testsuite>