<?xml version="1.0" encoding="UTF-8"?>
<testng-results ignored="0" total="5" passed="5" failed="0" skipped="0">
  <reporter-output>
    <line>
      <![CDATA[Test started]]>
    </line>
    <line>
      <![CDATA[Test case passed]]>
    </line>
    <line>
      <![CDATA[Test started]]>
    </line>
    <line>
      <![CDATA[Test case passed]]>
    </line>
    <line>
      <![CDATA[Test started]]>
    </line>
    <line>
      <![CDATA[Test case passed]]>
    </line>
    <line>
      <![CDATA[Test started]]>
    </line>
    <line>
      <![CDATA[Test case passed]]>
    </line>
    <line>
      <![CDATA[Test started]]>
    </line>
    <line>
      <![CDATA[Test case passed]]>
    </line>
  </reporter-output>
  <suite started-at="2026-03-21T20:41:31 IST" name="Surefire suite" finished-at="2026-03-21T20:42:27 IST" duration-ms="56469">
    <groups>
      <group name="sanity1">
        <method signature="LoginTest.executeLogin()[pri:0, instance:TestClass.LoginTest@60015ef5]" name="executeLogin" class="TestClass.LoginTest"/>
      </group> <!-- sanity1 -->
      <group name="sanity2">
        <method signature="LogOutTest.logOut()[pri:0, instance:TestClass.LogOutTest@2f54a33d]" name="logOut" class="TestClass.LogOutTest"/>
      </group> <!-- sanity2 -->
    </groups>
    <test started-at="2026-03-21T20:41:31 IST" name="Surefire test" finished-at="2026-03-21T20:42:27 IST" duration-ms="56469">
      <class name="TestClass.BookedAppointmentTest">
        <test-method is-config="true" signature="launchBrowser()[pri:0, instance:TestClass.BookedAppointmentTest@68e5eea7]" started-at="2026-03-21T20:41:31 IST" name="launchBrowser" finished-at="2026-03-21T20:41:35 IST" duration-ms="3956" status="PASS">
          <reporter-output>
          </reporter-output>
        </test-method> <!-- launchBrowser -->
        <test-method signature="validateAppointments()[pri:0, instance:TestClass.BookedAppointmentTest@68e5eea7]" started-at="2026-03-21T20:41:35 IST" name="validateAppointments" finished-at="2026-03-21T20:41:43 IST" duration-ms="8876" status="PASS">
          <reporter-output>
            <line>
              <![CDATA[Test started]]>
            </line>
            <line>
              <![CDATA[Test case passed]]>
            </line>
          </reporter-output>
        </test-method> <!-- validateAppointments -->
        <test-method is-config="true" signature="closeWindow()[pri:0, instance:TestClass.BookedAppointmentTest@68e5eea7]" started-at="2026-03-21T20:41:43 IST" name="closeWindow" finished-at="2026-03-21T20:41:44 IST" duration-ms="197" status="PASS">
          <reporter-output>
          </reporter-output>
        </test-method> <!-- closeWindow -->
      </class> <!-- TestClass.BookedAppointmentTest -->
      <class name="TestClass.NewAppointmentTest">
        <test-method is-config="true" signature="launchBrowser()[pri:0, instance:TestClass.NewAppointmentTest@1018bde2]" started-at="2026-03-21T20:42:03 IST" name="launchBrowser" finished-at="2026-03-21T20:42:07 IST" duration-ms="3454" status="PASS">
          <reporter-output>
          </reporter-output>
        </test-method> <!-- launchBrowser -->
        <test-method signature="createAppointment(java.lang.String,java.lang.String)[pri:0, instance:TestClass.NewAppointmentTest@1018bde2]" started-at="2026-03-21T20:42:07 IST" name="createAppointment" data-provider="bookAppointment" finished-at="2026-03-21T20:42:15 IST" duration-ms="8138" status="PASS">
          <params>
            <param index="0">
              <value>
                <![CDATA[06/04/2026]]>
              </value>
            </param>
            <param index="1">
              <value>
                <![CDATA[This booking is for physician]]>
              </value>
            </param>
          </params>
          <reporter-output>
            <line>
              <![CDATA[Test started]]>
            </line>
            <line>
              <![CDATA[Test case passed]]>
            </line>
          </reporter-output>
        </test-method> <!-- createAppointment -->
        <test-method is-config="true" signature="closeWindow()[pri:0, instance:TestClass.NewAppointmentTest@1018bde2]" started-at="2026-03-21T20:42:15 IST" name="closeWindow" finished-at="2026-03-21T20:42:15 IST" duration-ms="195" status="PASS">
          <reporter-output>
          </reporter-output>
        </test-method> <!-- closeWindow -->
        <test-method is-config="true" signature="launchBrowser()[pri:0, instance:TestClass.NewAppointmentTest@1018bde2]" started-at="2026-03-21T20:42:15 IST" name="launchBrowser" finished-at="2026-03-21T20:42:19 IST" duration-ms="3622" status="PASS">
          <reporter-output>
          </reporter-output>
        </test-method> <!-- launchBrowser -->
        <test-method signature="createAppointment(java.lang.String,java.lang.String)[pri:0, instance:TestClass.NewAppointmentTest@1018bde2]" started-at="2026-03-21T20:42:19 IST" name="createAppointment" data-provider="bookAppointment" finished-at="2026-03-21T20:42:27 IST" duration-ms="8233" status="PASS">
          <params>
            <param index="0">
              <value>
                <![CDATA[09/04/2026]]>
              </value>
            </param>
            <param index="1">
              <value>
                <![CDATA[This booking is for Nephrologist]]>
              </value>
            </param>
          </params>
          <reporter-output>
            <line>
              <![CDATA[Test started]]>
            </line>
            <line>
              <![CDATA[Test case passed]]>
            </line>
          </reporter-output>
        </test-method> <!-- createAppointment -->
        <test-method is-config="true" signature="closeWindow()[pri:0, instance:TestClass.NewAppointmentTest@1018bde2]" started-at="2026-03-21T20:42:27 IST" name="closeWindow" finished-at="2026-03-21T20:42:27 IST" duration-ms="134" status="PASS">
          <reporter-output>
          </reporter-output>
        </test-method> <!-- closeWindow -->
      </class> <!-- TestClass.NewAppointmentTest -->
      <class name="TestClass.LoginTest">
        <test-method is-config="true" signature="launchBrowser()[pri:0, instance:TestClass.LoginTest@60015ef5]" started-at="2026-03-21T20:41:44 IST" name="launchBrowser" finished-at="2026-03-21T20:41:47 IST" duration-ms="3448" status="PASS">
          <reporter-output>
          </reporter-output>
        </test-method> <!-- launchBrowser -->
        <test-method signature="executeLogin()[pri:0, instance:TestClass.LoginTest@60015ef5]" started-at="2026-03-21T20:41:47 IST" name="executeLogin" finished-at="2026-03-21T20:41:53 IST" duration-ms="5782" status="PASS">
          <reporter-output>
            <line>
              <![CDATA[Test started]]>
            </line>
            <line>
              <![CDATA[Test case passed]]>
            </line>
          </reporter-output>
        </test-method> <!-- executeLogin -->
        <test-method is-config="true" signature="closeWindow()[pri:0, instance:TestClass.LoginTest@60015ef5]" started-at="2026-03-21T20:41:53 IST" name="closeWindow" finished-at="2026-03-21T20:41:53 IST" duration-ms="188" status="PASS">
          <reporter-output>
          </reporter-output>
        </test-method> <!-- closeWindow -->
      </class> <!-- TestClass.LoginTest -->
      <class name="TestClass.LogOutTest">
        <test-method is-config="true" signature="launchBrowser()[pri:0, instance:TestClass.LogOutTest@2f54a33d]" started-at="2026-03-21T20:41:53 IST" name="launchBrowser" finished-at="2026-03-21T20:41:57 IST" duration-ms="3530" status="PASS">
          <reporter-output>
          </reporter-output>
        </test-method> <!-- launchBrowser -->
        <test-method signature="logOut()[pri:0, instance:TestClass.LogOutTest@2f54a33d]" started-at="2026-03-21T20:41:57 IST" name="logOut" finished-at="2026-03-21T20:42:03 IST" duration-ms="6484" status="PASS">
          <reporter-output>
            <line>
              <![CDATA[Test started]]>
            </line>
            <line>
              <![CDATA[Test case passed]]>
            </line>
          </reporter-output>
        </test-method> <!-- logOut -->
        <test-method is-config="true" signature="closeWindow()[pri:0, instance:TestClass.LogOutTest@2f54a33d]" started-at="2026-03-21T20:42:03 IST" name="closeWindow" finished-at="2026-03-21T20:42:03 IST" duration-ms="180" status="PASS">
          <reporter-output>
          </reporter-output>
        </test-method> <!-- closeWindow -->
      </class> <!-- TestClass.LogOutTest -->
    </test> <!-- Surefire test -->
  </suite> <!-- Surefire suite -->
</testng-results>
