<?xml version="1.0" encoding="UTF-8"?>
<!-- Generated by org.testng.reporters.JUnitReportReporter -->
<testsuite hostname="SAURABH" failures="0" tests="2" name="TestClass.NewAppointmentTest" time="23.776" errors="0" timestamp="2026-03-21T20:42:27 IST" skipped="0">
  <testcase classname="TestClass.NewAppointmentTest" name="createAppointment" time="11.787"/>
  <system-out>
    <![CDATA[Test started
Test case passed]]>
  </system-out>
  <testcase classname="TestClass.NewAppointmentTest" name="createAppointment" time="11.989"/>
  <system-out>
    <![CDATA[Test started
Test case passed]]>
  </system-out>
</testsuite> <!-- TestClass.NewAppointmentTest -->
