<?xml version="1.0" encoding="UTF-8"?>
<testsuite xmlns:xsi="http://www.w3.org/2001/XMLSchema-instance" xsi:noNamespaceSchemaLocation="https://maven.apache.org/surefire/maven-surefire-plugin/xsd/surefire-test-report.xsd" name="Scratch_RealTimeProjectBatch3.Scratch_RealTimeProjectBatch3.AppTest" time="0.034" tests="1" errors="0" skipped="0" failures="0">
  <properties>
[...]
</properties>
  <testcase name="shouldAnswerWithTrue" classname="Scratch_RealTimeProjectBatch3.Scratch_RealTimeProjectBatch3.AppTest" time="0.002"/>
</testsuite>