<?xml version="1.0" encoding="UTF-8"?>
<!-- Generated by org.testng.reporters.JUnitXMLReporter -->
<testsuite ignored="0" hostname="SAURABH" failures="0" tests="5" name="Surefire test" time="56.469" errors="0" timestamp="2026-03-21T20:42:27 IST">
  <testcase classname="TestClass.BookedAppointmentTest" name="validateAppointments" time="8.876"/>
  <testcase classname="TestClass.LoginTest" name="executeLogin" time="5.782"/>
  <testcase classname="TestClass.LogOutTest" name="logOut" time="6.484"/>
  <testcase classname="TestClass.NewAppointmentTest" name="createAppointment" time="8.138"/>
  <testcase classname="TestClass.NewAppointmentTest" name="createAppointment" time="8.233"/>
</testsuite> <!-- Surefire test -->
