<?xml version="1.0" encoding="UTF-8"?>
<!-- Generated by org.testng.reporters.JUnitReportReporter -->
<testsuite hostname="SAURABH" failures="0" tests="2" name="TestClass.LogOutTest" time="15.575" errors="0" timestamp="2026-03-21T20:49:00 IST" skipped="1">
  <testcase classname="TestClass.LogOutTest" name="logOut" time="11.996"/>
  <system-out>
    <![CDATA[Test started
Test case passed]]>
  </system-out>
  <testcase classname="TestClass.LogOutTest" name="logOut" time="3.579">
    <skipped/>
  </testcase> <!-- logOut -->
  <system-out>
    <![CDATA[Test started]]>
  </system-out>
</testsuite> <!-- TestClass.LogOutTest -->
